<?xml version="1.0" encoding="UTF-8"?>
<robot generator="Robot 6.0 (Python 3.10.5 on win32)" generated="20230309 10:40:24.066" rpa="false" schemaversion="3">
<suite id="s1" name="Estudobinary" source="C:\Users\Dell Latitude\OneDrive\Documentos\testedepython\TestCase\Estudobinary.robot">
<test id="s1-t1" name="CT01 - Automação da Meta Diaria" line="13">
<kw name="Abrir Operações" library="Keywords" type="SETUP">
<kw name="Open Browser" library="SeleniumLibrary">
<arg>${CENTRAL_BOTS}</arg>
<arg>chrome</arg>
<doc>Opens a new browser instance to the optional ``url``.</doc>
<msg timestamp="20230309 10:40:33.243" level="INFO">Opening browser 'chrome' to base url 'https://centralbots.com.br/bot/bot.html?update=1677935068#'.</msg>
<status status="PASS" starttime="20230309 10:40:33.242" endtime="20230309 10:40:47.111"/>
</kw>
<kw name="Maximize Browser Window" library="SeleniumLibrary">
<doc>Maximizes current browser window.</doc>
<status status="PASS" starttime="20230309 10:40:47.111" endtime="20230309 10:40:47.171"/>
</kw>
<status status="PASS" starttime="20230309 10:40:33.241" endtime="20230309 10:40:47.172"/>
</kw>
<kw name="Cadastro da Central Bots" library="Keywords">
<kw name="Wait Until Element Is Visible" library="SeleniumLibrary">
<arg>${EMAIL_CENTRAL}</arg>
<arg>15</arg>
<doc>Waits until the element ``locator`` is visible.</doc>
<status status="PASS" starttime="20230309 10:40:47.174" endtime="20230309 10:40:47.262"/>
</kw>
<kw name="Input Text" library="SeleniumLibrary">
<arg>${EMAIL_CENTRAL}</arg>
<arg>matvieira.souza18@gmail.com</arg>
<doc>Types the given ``text`` into the text field identified by ``locator``.</doc>
<msg timestamp="20230309 10:40:47.264" level="INFO">Typing text 'matvieira.souza18@gmail.com' into text field '//input[@type="text"]'.</msg>
<status status="PASS" starttime="20230309 10:40:47.262" endtime="20230309 10:40:47.641"/>
</kw>
<kw name="Input Text" library="SeleniumLibrary">
<arg>${SENHA_CENTRAL}</arg>
<arg>Transformado07</arg>
<doc>Types the given ``text`` into the text field identified by ``locator``.</doc>
<msg timestamp="20230309 10:40:47.643" level="INFO">Typing text 'Transformado07' into text field '//input[@type="password"]'.</msg>
<status status="PASS" starttime="20230309 10:40:47.642" endtime="20230309 10:40:47.930"/>
</kw>
<kw name="Click Element" library="SeleniumLibrary">
<arg>${LOGIN_CENTRAL}</arg>
<doc>Click the element identified by ``locator``.</doc>
<msg timestamp="20230309 10:40:47.933" level="INFO">Clicking element '//button[@type="submit"]'.</msg>
<status status="PASS" starttime="20230309 10:40:47.931" endtime="20230309 10:40:50.657"/>
</kw>
<kw name="Click Element" library="SeleniumLibrary">
<arg>${FECHAR}</arg>
<doc>Click the element identified by ``locator``.</doc>
<msg timestamp="20230309 10:40:50.659" level="INFO">Clicking element '//button[@class="btn btn-secondary"]'.</msg>
<status status="PASS" starttime="20230309 10:40:50.657" endtime="20230309 10:40:50.862"/>
</kw>
<kw name="Click Element" library="SeleniumLibrary">
<arg>${MEUS_BOTS}</arg>
<doc>Click the element identified by ``locator``.</doc>
<msg timestamp="20230309 10:40:50.864" level="INFO">Clicking element '//*[@id="meus-bots-bt"]'.</msg>
<status status="PASS" starttime="20230309 10:40:50.863" endtime="20230309 10:40:51.162"/>
</kw>
<kw name="Sleep" library="BuiltIn">
<arg>2</arg>
<doc>Pauses the test executed for the given time.</doc>
<msg timestamp="20230309 10:40:53.169" level="INFO">Slept 2 seconds</msg>
<status status="PASS" starttime="20230309 10:40:51.163" endtime="20230309 10:40:53.171"/>
</kw>
<kw name="Click Element" library="SeleniumLibrary">
<arg>${CONTINUAR}</arg>
<doc>Click the element identified by ``locator``.</doc>
<msg timestamp="20230309 10:40:53.175" level="INFO">Clicking element '//*[@id="avisoModal"]/div/div/div[3]/a'.</msg>
<status status="PASS" starttime="20230309 10:40:53.172" endtime="20230309 10:41:05.743"/>
</kw>
<kw name="Wait Until Element Is Visible" library="SeleniumLibrary">
<arg>${Login_bot}</arg>
<arg>15</arg>
<doc>Waits until the element ``locator`` is visible.</doc>
<status status="PASS" starttime="20230309 10:41:05.743" endtime="20230309 10:41:05.794"/>
</kw>
<kw name="Sleep" library="BuiltIn">
<arg>2</arg>
<doc>Pauses the test executed for the given time.</doc>
<msg timestamp="20230309 10:41:07.801" level="INFO">Slept 2 seconds</msg>
<status status="PASS" starttime="20230309 10:41:05.795" endtime="20230309 10:41:07.801"/>
</kw>
<kw name="Click Element" library="SeleniumLibrary">
<arg>${Login_bot}</arg>
<doc>Click the element identified by ``locator``.</doc>
<msg timestamp="20230309 10:41:07.802" level="INFO">Clicking element '//*[@id="myLogin"]'.</msg>
<status status="PASS" starttime="20230309 10:41:07.801" endtime="20230309 10:41:10.291"/>
</kw>
<kw name="Sleep" library="BuiltIn">
<arg>2</arg>
<doc>Pauses the test executed for the given time.</doc>
<msg timestamp="20230309 10:41:12.305" level="INFO">Slept 2 seconds</msg>
<status status="PASS" starttime="20230309 10:41:10.291" endtime="20230309 10:41:12.305"/>
</kw>
<kw name="Input Text" library="SeleniumLibrary">
<arg>${EMAIL_BINARY}</arg>
<arg>matvieira.souza18@gmail.com</arg>
<doc>Types the given ``text`` into the text field identified by ``locator``.</doc>
<msg timestamp="20230309 10:41:12.307" level="INFO">Typing text 'matvieira.souza18@gmail.com' into text field '//*[@id="txtEmail"]'.</msg>
<status status="PASS" starttime="20230309 10:41:12.305" endtime="20230309 10:41:12.670"/>
</kw>
<kw name="Input Text" library="SeleniumLibrary">
<arg>${SENHA_BINARY}</arg>
<arg>Acessomoney18</arg>
<doc>Types the given ``text`` into the text field identified by ``locator``.</doc>
<msg timestamp="20230309 10:41:12.672" level="INFO">Typing text 'Acessomoney18' into text field '//*[@id="txtPass"]'.</msg>
<status status="PASS" starttime="20230309 10:41:12.670" endtime="20230309 10:41:12.942"/>
</kw>
<kw name="Click Element" library="SeleniumLibrary">
<arg>${LOGIN_BINARY}</arg>
<doc>Click the element identified by ``locator``.</doc>
<msg timestamp="20230309 10:41:12.945" level="INFO">Clicking element '//*[@id="lost-password-container"]/button'.</msg>
<status status="PASS" starttime="20230309 10:41:12.943" endtime="20230309 10:41:14.706"/>
</kw>
<status status="PASS" starttime="20230309 10:40:47.173" endtime="20230309 10:41:14.706"/>
</kw>
<kw name="Acessar Conta Teste" library="Keywords">
<kw name="Wait Until Element Is Visible" library="SeleniumLibrary">
<arg>${CONTA_BINARY}</arg>
<arg>50</arg>
<doc>Waits until the element ``locator`` is visible.</doc>
<status status="PASS" starttime="20230309 10:41:14.708" endtime="20230309 10:41:21.236"/>
</kw>
<kw name="Click Element" library="SeleniumLibrary">
<arg>${CONTA_BINARY}</arg>
<doc>Click the element identified by ``locator``.</doc>
<msg timestamp="20230309 10:41:21.237" level="INFO">Clicking element '//*[@id="main-account"]/li/a/div[1]/div[2]'.</msg>
<status status="PASS" starttime="20230309 10:41:21.236" endtime="20230309 10:41:21.305"/>
</kw>
<kw name="Sleep" library="BuiltIn">
<arg>2</arg>
<doc>Pauses the test executed for the given time.</doc>
<msg timestamp="20230309 10:41:23.312" level="INFO">Slept 2 seconds</msg>
<status status="PASS" starttime="20230309 10:41:21.306" endtime="20230309 10:41:23.312"/>
</kw>
<kw name="Click Element" library="SeleniumLibrary">
<arg>${VIRTUAL}</arg>
<doc>Click the element identified by ``locator``.</doc>
<msg timestamp="20230309 10:41:23.314" level="INFO">Clicking element '//*[@id="all-accounts"]/li/ul/div/a[2]/li/div'.</msg>
<status status="PASS" starttime="20230309 10:41:23.312" endtime="20230309 10:41:23.518"/>
</kw>
<kw name="Sleep" library="BuiltIn">
<arg>2</arg>
<doc>Pauses the test executed for the given time.</doc>
<msg timestamp="20230309 10:41:25.524" level="INFO">Slept 2 seconds</msg>
<status status="PASS" starttime="20230309 10:41:23.518" endtime="20230309 10:41:25.524"/>
</kw>
<kw name="Click Element" library="SeleniumLibrary">
<arg>${YES}</arg>
<doc>Click the element identified by ``locator``.</doc>
<msg timestamp="20230309 10:41:25.526" level="INFO">Clicking element '//button[@class="button-primary"]'.</msg>
<status status="PASS" starttime="20230309 10:41:25.524" endtime="20230309 10:41:25.682"/>
</kw>
<status status="PASS" starttime="20230309 10:41:14.707" endtime="20230309 10:41:25.683"/>
</kw>
<kw name="Operações de Teste" library="Keywords">
<kw name="Wait Until Element Is Visible" library="SeleniumLibrary">
<arg>${CONTA_BINARY}</arg>
<arg>20</arg>
<doc>Waits until the element ``locator`` is visible.</doc>
<status status="PASS" starttime="20230309 10:41:25.690" endtime="20230309 10:41:25.786"/>
</kw>
<kw name="Sleep" library="BuiltIn">
<arg>4</arg>
<doc>Pauses the test executed for the given time.</doc>
<msg timestamp="20230309 10:41:29.795" level="INFO">Slept 4 seconds</msg>
<status status="PASS" starttime="20230309 10:41:25.787" endtime="20230309 10:41:29.795"/>
</kw>
<kw name="Wait Until Element Is Visible" library="SeleniumLibrary">
<arg>${BOTS}</arg>
<arg>20</arg>
<doc>Waits until the element ``locator`` is visible.</doc>
<status status="PASS" starttime="20230309 10:41:29.795" endtime="20230309 10:41:32.378"/>
</kw>
<kw name="Sleep" library="BuiltIn">
<arg>4</arg>
<doc>Pauses the test executed for the given time.</doc>
<msg timestamp="20230309 10:41:36.380" level="INFO">Slept 4 seconds</msg>
<status status="PASS" starttime="20230309 10:41:32.378" endtime="20230309 10:41:36.380"/>
</kw>
<kw name="Click Element" library="SeleniumLibrary">
<arg>${BOTS}</arg>
<doc>Click the element identified by ``locator``.</doc>
<msg timestamp="20230309 10:41:36.382" level="INFO">Clicking element '//*[@id="app-itens"]/a[1]/div'.</msg>
<status status="PASS" starttime="20230309 10:41:36.381" endtime="20230309 10:41:36.562"/>
</kw>
<kw name="Sleep" library="BuiltIn">
<arg>4</arg>
<doc>Pauses the test executed for the given time.</doc>
<msg timestamp="20230309 10:41:40.574" level="INFO">Slept 4 seconds</msg>
<status status="PASS" starttime="20230309 10:41:36.563" endtime="20230309 10:41:40.574"/>
</kw>
<kw name="Wait Until Element Is Visible" library="SeleniumLibrary">
<arg>${ROBÔ_LINE}</arg>
<arg>20</arg>
<doc>Waits until the element ``locator`` is visible.</doc>
<status status="PASS" starttime="20230309 10:41:40.575" endtime="20230309 10:41:40.613"/>
</kw>
<kw name="Sleep" library="BuiltIn">
<arg>4</arg>
<doc>Pauses the test executed for the given time.</doc>
<msg timestamp="20230309 10:41:44.624" level="INFO">Slept 4 seconds</msg>
<status status="PASS" starttime="20230309 10:41:40.613" endtime="20230309 10:41:44.624"/>
</kw>
<kw name="Click Element" library="SeleniumLibrary">
<arg>${ROBÔ_LINE}</arg>
<doc>Click the element identified by ``locator``.</doc>
<msg timestamp="20230309 10:41:44.625" level="INFO">Clicking element '//*[@id="choose-bot-container"]/div/div/div[11]/div/div[1]/div'.</msg>
<status status="PASS" starttime="20230309 10:41:44.624" endtime="20230309 10:41:44.933"/>
</kw>
<kw name="Sleep" library="BuiltIn">
<arg>4</arg>
<doc>Pauses the test executed for the given time.</doc>
<msg timestamp="20230309 10:41:48.934" level="INFO">Slept 4 seconds</msg>
<status status="PASS" starttime="20230309 10:41:44.933" endtime="20230309 10:41:48.934"/>
</kw>
<kw name="Input Text" library="SeleniumLibrary">
<arg>${APORTE_INICIAL}</arg>
<arg>0.35</arg>
<doc>Types the given ``text`` into the text field identified by ``locator``.</doc>
<msg timestamp="20230309 10:41:48.936" level="INFO">Typing text '0.35' into text field '//*[@id="choose-bot-fieldset"]/div/div[2]/input'.</msg>
<status status="PASS" starttime="20230309 10:41:48.935" endtime="20230309 10:41:49.204"/>
</kw>
<kw name="Sleep" library="BuiltIn">
<arg>4</arg>
<doc>Pauses the test executed for the given time.</doc>
<msg timestamp="20230309 10:41:53.219" level="INFO">Slept 4 seconds</msg>
<status status="PASS" starttime="20230309 10:41:49.204" endtime="20230309 10:41:53.219"/>
</kw>
<kw name="Input Text" library="SeleniumLibrary">
<arg>${APÓS_VITÓRIA}</arg>
<arg>0.35</arg>
<doc>Types the given ``text`` into the text field identified by ``locator``.</doc>
<msg timestamp="20230309 10:41:53.221" level="INFO">Typing text '0.35' into text field '//*[@id="choose-bot-fieldset"]/div/div[3]/input'.</msg>
<status status="PASS" starttime="20230309 10:41:53.219" endtime="20230309 10:41:53.397"/>
</kw>
<kw name="Sleep" library="BuiltIn">
<arg>4</arg>
<doc>Pauses the test executed for the given time.</doc>
<msg timestamp="20230309 10:41:57.405" level="INFO">Slept 4 seconds</msg>
<status status="PASS" starttime="20230309 10:41:53.398" endtime="20230309 10:41:57.405"/>
</kw>
<kw name="Input Text" library="SeleniumLibrary">
<arg>${STOP_LOSS}</arg>
<arg>50</arg>
<doc>Types the given ``text`` into the text field identified by ``locator``.</doc>
<msg timestamp="20230309 10:41:57.407" level="INFO">Typing text '50' into text field '//*[@id="choose-bot-fieldset"]/div/div[4]/input'.</msg>
<status status="PASS" starttime="20230309 10:41:57.406" endtime="20230309 10:41:57.605"/>
</kw>
<kw name="Sleep" library="BuiltIn">
<arg>4</arg>
<doc>Pauses the test executed for the given time.</doc>
<msg timestamp="20230309 10:42:01.616" level="INFO">Slept 4 seconds</msg>
<status status="PASS" starttime="20230309 10:41:57.606" endtime="20230309 10:42:01.616"/>
</kw>
<kw name="Input Text" library="SeleniumLibrary">
<arg>${LUCRO_ESPERADO}</arg>
<arg>5</arg>
<doc>Types the given ``text`` into the text field identified by ``locator``.</doc>
<msg timestamp="20230309 10:42:01.618" level="INFO">Typing text '5' into text field '//*[@id="choose-bot-fieldset"]/div/div[5]/input'.</msg>
<status status="PASS" starttime="20230309 10:42:01.616" endtime="20230309 10:42:01.827"/>
</kw>
<kw name="Sleep" library="BuiltIn">
<arg>4</arg>
<doc>Pauses the test executed for the given time.</doc>
<msg timestamp="20230309 10:42:05.835" level="INFO">Slept 4 seconds</msg>
<status status="PASS" starttime="20230309 10:42:01.827" endtime="20230309 10:42:05.836"/>
</kw>
<kw name="Input Text" library="SeleniumLibrary">
<arg>${DURAÇÃO}</arg>
<arg>1</arg>
<doc>Types the given ``text`` into the text field identified by ``locator``.</doc>
<msg timestamp="20230309 10:42:05.839" level="INFO">Typing text '1' into text field '//*[@id="choose-bot-fieldset"]/div/div[6]/input'.</msg>
<status status="PASS" starttime="20230309 10:42:05.836" endtime="20230309 10:42:06.056"/>
</kw>
<kw name="Sleep" library="BuiltIn">
<arg>4</arg>
<doc>Pauses the test executed for the given time.</doc>
<msg timestamp="20230309 10:42:10.070" level="INFO">Slept 4 seconds</msg>
<status status="PASS" starttime="20230309 10:42:06.056" endtime="20230309 10:42:10.070"/>
</kw>
<kw name="Click Element" library="SeleniumLibrary">
<arg>${CARREGAR}</arg>
<doc>Click the element identified by ``locator``.</doc>
<msg timestamp="20230309 10:42:10.072" level="INFO">Clicking element '//*[@id="choose-bot-dialog"]/div/div[3]/button[2]'.</msg>
<status status="PASS" starttime="20230309 10:42:10.071" endtime="20230309 10:42:10.159"/>
</kw>
<kw name="Sleep" library="BuiltIn">
<arg>4</arg>
<doc>Pauses the test executed for the given time.</doc>
<msg timestamp="20230309 10:42:14.168" level="INFO">Slept 4 seconds</msg>
<status status="PASS" starttime="20230309 10:42:10.160" endtime="20230309 10:42:14.168"/>
</kw>
<kw name="Click Element" library="SeleniumLibrary">
<arg>${PLAY}</arg>
<doc>Click the element identified by ``locator``.</doc>
<msg timestamp="20230309 10:42:14.170" level="INFO">Clicking element '//*[@id="summaryRunButton"]'.</msg>
<status status="PASS" starttime="20230309 10:42:14.169" endtime="20230309 10:42:14.343"/>
</kw>
<kw name="Click Element" library="SeleniumLibrary">
<arg>${PLAY}</arg>
<doc>Click the element identified by ``locator``.</doc>
<msg timestamp="20230309 10:42:14.345" level="INFO">Clicking element '//*[@id="summaryRunButton"]'.</msg>
<msg timestamp="20230309 10:42:14.554" level="INFO" html="true">&lt;/td&gt;&lt;/tr&gt;&lt;tr&gt;&lt;td colspan="3"&gt;&lt;a href="selenium-screenshot-40.png"&gt;&lt;img src="selenium-screenshot-40.png" width="800px"&gt;&lt;/a&gt;</msg>
<msg timestamp="20230309 10:42:14.555" level="FAIL">ElementNotInteractableException: Message: element not interactable
  (Session info: chrome=110.0.5481.105)
Stacktrace:
Backtrace:
	(No symbol) [0x00716643]
	(No symbol) [0x006ABE21]
	(No symbol) [0x005AD960]
	(No symbol) [0x005E23A7]
	(No symbol) [0x005D6B13]
	(No symbol) [0x005FFD7C]
	(No symbol) [0x005D641F]
	(No symbol) [0x006000D4]
	(No symbol) [0x00616B09]
	(No symbol) [0x005FFB76]
	(No symbol) [0x005D49C1]
	(No symbol) [0x005D5E5D]
	GetHandleVerifier [0x0098A142+2497106]
	GetHandleVerifier [0x009B85D3+2686691]
	GetHandleVerifier [0x009BBB9C+2700460]
	GetHandleVerifier [0x007C3B10+635936]
	(No symbol) [0x006B4A1F]
	(No symbol) [0x006BA418]
	(No symbol) [0x006BA505]
	(No symbol) [0x006C508B]
	BaseThreadInitThunk [0x763300F9+25]
	RtlGetAppContainerNamedObjectPath [0x77967BBE+286]
	RtlGetAppContainerNamedObjectPath [0x77967B8E+238]
</msg>
<status status="FAIL" starttime="20230309 10:42:14.343" endtime="20230309 10:42:14.566"/>
</kw>
<kw name="Click Element" library="SeleniumLibrary">
<arg>${PLAY}</arg>
<doc>Click the element identified by ``locator``.</doc>
<status status="NOT RUN" starttime="20230309 10:42:14.566" endtime="20230309 10:42:14.566"/>
</kw>
<status status="FAIL" starttime="20230309 10:41:25.689" endtime="20230309 10:42:14.568"/>
</kw>
<kw name="Encerrar Testes" library="Keywords" type="TEARDOWN">
<msg timestamp="20230309 10:42:14.570" level="FAIL">User keyword 'Encerrar Testes' contains no keywords.</msg>
<status status="FAIL" starttime="20230309 10:42:14.570" endtime="20230309 10:42:14.571">User keyword 'Encerrar Testes' contains no keywords.</status>
</kw>
<status status="FAIL" starttime="20230309 10:40:33.239" endtime="20230309 10:42:14.571">ElementNotInteractableException: Message: element not interactable
  (Session info: chrome=110.0.5481.105)
Stacktrace:
Backtrace:
	(No symbol) [0x00716643]
	(No symbol) [0x006ABE21]
	(No symbol) [0x005AD960]
	(No symbol) [0x005E23A7]
	(No symbol) [0x005D6B13]
	(No symbol) [0x005FFD7C]
	(No symbol) [0x005D641F]
	(No symbol) [0x006000D4]
	(No symbol) [0x00616B09]
	(No symbol) [0x005FFB76]
	(No symbol) [0x005D49C1]
	(No symbol) [0x005D5E5D]
	GetHandleVerifier [0x0098A142+2497106]
	GetHandleVerifier [0x009B85D3+2686691]
	GetHandleVerifier [0x009BBB9C+2700460]
	GetHandleVerifier [0x007C3B10+635936]
	(No symbol) [0x006B4A1F]
	(No symbol) [0x006BA418]
	(No symbol) [0x006BA505]
	(No symbol) [0x006C508B]
	BaseThreadInitThunk [0x763300F9+25]
	RtlGetAppContainerNamedObjectPath [0x77967BBE+286]
	RtlGetAppContainerNamedObjectPath [0x77967B8E+238]


Also teardown failed:
User keyword 'Encerrar Testes' contains no keywords.</status>
</test>
<doc>Falta ajustar 2 entrada do bot da binary
reteste pra caso de falha
terminar fazendo um relatorio do resultado do bot
mandar por email, e rodar na nuvem.</doc>
<status status="FAIL" starttime="20230309 10:40:24.071" endtime="20230309 10:42:14.589"/>
</suite>
<statistics>
<total>
<stat pass="0" fail="1" skip="0">All Tests</stat>
</total>
<tag>
</tag>
<suite>
<stat pass="0" fail="1" skip="0" id="s1" name="Estudobinary">Estudobinary</stat>
</suite>
</statistics>
<errors>
</errors>
</robot>
