<?xml version="1.0" encoding="UTF-8"?>
<robot generator="Robot 6.0 (Python 3.10.5 on win32)" generated="20230309 12:52:39.131" rpa="false" schemaversion="3">
<suite id="s1" name="Testedepython" source="C:\Users\Dell Latitude\OneDrive\Documentos\testedepython">
<suite id="s1-s1" name="TestCase" source="C:\Users\Dell Latitude\OneDrive\Documentos\testedepython\TestCase">
<suite id="s1-s1-s1" name="Estudobinary" source="C:\Users\Dell Latitude\OneDrive\Documentos\testedepython\TestCase\Estudobinary.robot">
<test id="s1-s1-s1-t1" name="CT01 - Automação da Meta Diaria" line="13">
<kw name="Abrir Operações" library="Keywords" type="SETUP">
<kw name="Open Browser" library="SeleniumLibrary">
<arg>${CENTRAL_BOTS}</arg>
<arg>chrome</arg>
<doc>Opens a new browser instance to the optional ``url``.</doc>
<msg timestamp="20230309 12:52:48.134" level="INFO">Opening browser 'chrome' to base url 'https://centralbots.com.br/bot/bot.html?update=1677935068#'.</msg>
<status status="PASS" starttime="20230309 12:52:48.132" endtime="20230309 12:53:03.060"/>
</kw>
<kw name="Maximize Browser Window" library="SeleniumLibrary">
<doc>Maximizes current browser window.</doc>
<status status="PASS" starttime="20230309 12:53:03.061" endtime="20230309 12:53:03.259"/>
</kw>
<status status="PASS" starttime="20230309 12:52:48.130" endtime="20230309 12:53:03.261"/>
</kw>
<kw name="Cadastro da Central Bots" library="Keywords">
<kw name="Wait Until Element Is Visible" library="SeleniumLibrary">
<arg>${EMAIL_CENTRAL}</arg>
<arg>15</arg>
<doc>Waits until the element ``locator`` is visible.</doc>
<status status="PASS" starttime="20230309 12:53:03.273" endtime="20230309 12:53:03.347"/>
</kw>
<kw name="Input Text" library="SeleniumLibrary">
<arg>${EMAIL_CENTRAL}</arg>
<arg>matvieira.souza18@gmail.com</arg>
<doc>Types the given ``text`` into the text field identified by ``locator``.</doc>
<msg timestamp="20230309 12:53:03.352" level="INFO">Typing text 'matvieira.souza18@gmail.com' into text field '//input[@type="text"]'.</msg>
<status status="PASS" starttime="20230309 12:53:03.348" endtime="20230309 12:53:03.611"/>
</kw>
<kw name="Input Text" library="SeleniumLibrary">
<arg>${SENHA_CENTRAL}</arg>
<arg>Transformado07</arg>
<doc>Types the given ``text`` into the text field identified by ``locator``.</doc>
<msg timestamp="20230309 12:53:03.613" level="INFO">Typing text 'Transformado07' into text field '//input[@type="password"]'.</msg>
<status status="PASS" starttime="20230309 12:53:03.612" endtime="20230309 12:53:03.772"/>
</kw>
<kw name="Click Element" library="SeleniumLibrary">
<arg>${LOGIN_CENTRAL}</arg>
<doc>Click the element identified by ``locator``.</doc>
<msg timestamp="20230309 12:53:03.773" level="INFO">Clicking element '//button[@type="submit"]'.</msg>
<status status="PASS" starttime="20230309 12:53:03.772" endtime="20230309 12:53:06.342"/>
</kw>
<kw name="Click Element" library="SeleniumLibrary">
<arg>${FECHAR}</arg>
<doc>Click the element identified by ``locator``.</doc>
<msg timestamp="20230309 12:53:06.347" level="INFO">Clicking element '//button[@class="btn btn-secondary"]'.</msg>
<status status="PASS" starttime="20230309 12:53:06.343" endtime="20230309 12:53:06.475"/>
</kw>
<kw name="Click Element" library="SeleniumLibrary">
<arg>${MEUS_BOTS}</arg>
<doc>Click the element identified by ``locator``.</doc>
<msg timestamp="20230309 12:53:06.487" level="INFO">Clicking element '//*[@id="meus-bots-bt"]'.</msg>
<status status="PASS" starttime="20230309 12:53:06.479" endtime="20230309 12:53:06.875"/>
</kw>
<kw name="Sleep" library="BuiltIn">
<arg>2</arg>
<doc>Pauses the test executed for the given time.</doc>
<msg timestamp="20230309 12:53:08.887" level="INFO">Slept 2 seconds</msg>
<status status="PASS" starttime="20230309 12:53:06.875" endtime="20230309 12:53:08.889"/>
</kw>
<kw name="Click Element" library="SeleniumLibrary">
<arg>${CONTINUAR}</arg>
<doc>Click the element identified by ``locator``.</doc>
<msg timestamp="20230309 12:53:08.892" level="INFO">Clicking element '//*[@id="avisoModal"]/div/div/div[3]/a'.</msg>
<status status="PASS" starttime="20230309 12:53:08.889" endtime="20230309 12:53:17.743"/>
</kw>
<kw name="Wait Until Element Is Visible" library="SeleniumLibrary">
<arg>${Login_bot}</arg>
<arg>15</arg>
<doc>Waits until the element ``locator`` is visible.</doc>
<status status="PASS" starttime="20230309 12:53:17.744" endtime="20230309 12:53:17.812"/>
</kw>
<kw name="Sleep" library="BuiltIn">
<arg>2</arg>
<doc>Pauses the test executed for the given time.</doc>
<msg timestamp="20230309 12:53:19.828" level="INFO">Slept 2 seconds</msg>
<status status="PASS" starttime="20230309 12:53:17.813" endtime="20230309 12:53:19.835"/>
</kw>
<kw name="Click Element" library="SeleniumLibrary">
<arg>${Login_bot}</arg>
<doc>Click the element identified by ``locator``.</doc>
<msg timestamp="20230309 12:53:19.838" level="INFO">Clicking element '//*[@id="myLogin"]'.</msg>
<status status="PASS" starttime="20230309 12:53:19.835" endtime="20230309 12:53:22.908"/>
</kw>
<kw name="Sleep" library="BuiltIn">
<arg>2</arg>
<doc>Pauses the test executed for the given time.</doc>
<msg timestamp="20230309 12:53:24.950" level="INFO">Slept 2 seconds</msg>
<status status="PASS" starttime="20230309 12:53:22.908" endtime="20230309 12:53:24.951"/>
</kw>
<kw name="Input Text" library="SeleniumLibrary">
<arg>${EMAIL_BINARY}</arg>
<arg>matvieira.souza18@gmail.com</arg>
<doc>Types the given ``text`` into the text field identified by ``locator``.</doc>
<msg timestamp="20230309 12:53:24.954" level="INFO">Typing text 'matvieira.souza18@gmail.com' into text field '//*[@id="txtEmail"]'.</msg>
<status status="PASS" starttime="20230309 12:53:24.952" endtime="20230309 12:53:26.170"/>
</kw>
<kw name="Input Text" library="SeleniumLibrary">
<arg>${SENHA_BINARY}</arg>
<arg>Acessomoney18</arg>
<doc>Types the given ``text`` into the text field identified by ``locator``.</doc>
<msg timestamp="20230309 12:53:26.173" level="INFO">Typing text 'Acessomoney18' into text field '//*[@id="txtPass"]'.</msg>
<status status="PASS" starttime="20230309 12:53:26.171" endtime="20230309 12:53:26.731"/>
</kw>
<kw name="Click Element" library="SeleniumLibrary">
<arg>${LOGIN_BINARY}</arg>
<doc>Click the element identified by ``locator``.</doc>
<msg timestamp="20230309 12:53:26.735" level="INFO">Clicking element '//*[@id="lost-password-container"]/button'.</msg>
<status status="PASS" starttime="20230309 12:53:26.732" endtime="20230309 12:53:29.542"/>
</kw>
<status status="PASS" starttime="20230309 12:53:03.271" endtime="20230309 12:53:29.543"/>
</kw>
<kw name="Acessar Conta Teste" library="Keywords">
<kw name="Wait Until Element Is Visible" library="SeleniumLibrary">
<arg>${CONTA_BINARY}</arg>
<arg>50</arg>
<doc>Waits until the element ``locator`` is visible.</doc>
<status status="PASS" starttime="20230309 12:53:29.551" endtime="20230309 12:53:39.921"/>
</kw>
<kw name="Click Element" library="SeleniumLibrary">
<arg>${CONTA_BINARY}</arg>
<doc>Click the element identified by ``locator``.</doc>
<msg timestamp="20230309 12:53:39.922" level="INFO">Clicking element '//*[@id="main-account"]/li/a/div[1]/div[2]'.</msg>
<status status="PASS" starttime="20230309 12:53:39.921" endtime="20230309 12:53:40.003"/>
</kw>
<kw name="Sleep" library="BuiltIn">
<arg>2</arg>
<doc>Pauses the test executed for the given time.</doc>
<msg timestamp="20230309 12:53:42.014" level="INFO">Slept 2 seconds</msg>
<status status="PASS" starttime="20230309 12:53:40.004" endtime="20230309 12:53:42.015"/>
</kw>
<kw name="Click Element" library="SeleniumLibrary">
<arg>${VIRTUAL}</arg>
<doc>Click the element identified by ``locator``.</doc>
<msg timestamp="20230309 12:53:42.017" level="INFO">Clicking element '//*[@id="all-accounts"]/li/ul/div/a[2]/li/div'.</msg>
<status status="PASS" starttime="20230309 12:53:42.015" endtime="20230309 12:53:42.156"/>
</kw>
<kw name="Sleep" library="BuiltIn">
<arg>2</arg>
<doc>Pauses the test executed for the given time.</doc>
<msg timestamp="20230309 12:53:44.171" level="INFO">Slept 2 seconds</msg>
<status status="PASS" starttime="20230309 12:53:42.164" endtime="20230309 12:53:44.173"/>
</kw>
<kw name="Click Element" library="SeleniumLibrary">
<arg>${YES}</arg>
<doc>Click the element identified by ``locator``.</doc>
<msg timestamp="20230309 12:53:44.183" level="INFO">Clicking element '//button[@class="button-primary"]'.</msg>
<status status="PASS" starttime="20230309 12:53:44.176" endtime="20230309 12:53:44.351"/>
</kw>
<status status="PASS" starttime="20230309 12:53:29.549" endtime="20230309 12:53:44.352"/>
</kw>
<kw name="Operações de Teste" library="Keywords">
<kw name="Wait Until Element Is Visible" library="SeleniumLibrary">
<arg>${CONTA_BINARY}</arg>
<arg>20</arg>
<doc>Waits until the element ``locator`` is visible.</doc>
<status status="PASS" starttime="20230309 12:53:44.354" endtime="20230309 12:53:44.434"/>
</kw>
<kw name="Sleep" library="BuiltIn">
<arg>4</arg>
<doc>Pauses the test executed for the given time.</doc>
<msg timestamp="20230309 12:53:48.451" level="INFO">Slept 4 seconds</msg>
<status status="PASS" starttime="20230309 12:53:44.435" endtime="20230309 12:53:48.452"/>
</kw>
<kw name="Wait Until Element Is Visible" library="SeleniumLibrary">
<arg>${BOTS}</arg>
<arg>20</arg>
<doc>Waits until the element ``locator`` is visible.</doc>
<status status="PASS" starttime="20230309 12:53:48.453" endtime="20230309 12:53:51.127"/>
</kw>
<kw name="Sleep" library="BuiltIn">
<arg>4</arg>
<doc>Pauses the test executed for the given time.</doc>
<msg timestamp="20230309 12:53:55.134" level="INFO">Slept 4 seconds</msg>
<status status="PASS" starttime="20230309 12:53:51.128" endtime="20230309 12:53:55.135"/>
</kw>
<kw name="Click Element" library="SeleniumLibrary">
<arg>${BOTS}</arg>
<doc>Click the element identified by ``locator``.</doc>
<msg timestamp="20230309 12:53:55.137" level="INFO">Clicking element '//*[@id="app-itens"]/a[1]/div'.</msg>
<status status="PASS" starttime="20230309 12:53:55.135" endtime="20230309 12:53:55.296"/>
</kw>
<kw name="Sleep" library="BuiltIn">
<arg>4</arg>
<doc>Pauses the test executed for the given time.</doc>
<msg timestamp="20230309 12:53:59.312" level="INFO">Slept 4 seconds</msg>
<status status="PASS" starttime="20230309 12:53:55.297" endtime="20230309 12:53:59.312"/>
</kw>
<kw name="Wait Until Element Is Visible" library="SeleniumLibrary">
<arg>${ROBÔ_LINE}</arg>
<arg>20</arg>
<doc>Waits until the element ``locator`` is visible.</doc>
<status status="PASS" starttime="20230309 12:53:59.313" endtime="20230309 12:53:59.362"/>
</kw>
<kw name="Sleep" library="BuiltIn">
<arg>4</arg>
<doc>Pauses the test executed for the given time.</doc>
<msg timestamp="20230309 12:54:03.368" level="INFO">Slept 4 seconds</msg>
<status status="PASS" starttime="20230309 12:53:59.363" endtime="20230309 12:54:03.373"/>
</kw>
<kw name="Click Element" library="SeleniumLibrary">
<arg>${ROBÔ_LINE}</arg>
<doc>Click the element identified by ``locator``.</doc>
<msg timestamp="20230309 12:54:03.380" level="INFO">Clicking element '//*[@id="choose-bot-container"]/div/div/div[11]/div/div[1]/div'.</msg>
<status status="PASS" starttime="20230309 12:54:03.375" endtime="20230309 12:54:03.620"/>
</kw>
<kw name="Sleep" library="BuiltIn">
<arg>4</arg>
<doc>Pauses the test executed for the given time.</doc>
<msg timestamp="20230309 12:54:07.641" level="INFO">Slept 4 seconds</msg>
<status status="PASS" starttime="20230309 12:54:03.623" endtime="20230309 12:54:07.644"/>
</kw>
<kw name="Input Text" library="SeleniumLibrary">
<arg>${APORTE_INICIAL}</arg>
<arg>0.35</arg>
<doc>Types the given ``text`` into the text field identified by ``locator``.</doc>
<msg timestamp="20230309 12:54:07.654" level="INFO">Typing text '0.35' into text field '//*[@id="choose-bot-fieldset"]/div/div[2]/input'.</msg>
<status status="PASS" starttime="20230309 12:54:07.645" endtime="20230309 12:54:07.946"/>
</kw>
<kw name="Sleep" library="BuiltIn">
<arg>4</arg>
<doc>Pauses the test executed for the given time.</doc>
<msg timestamp="20230309 12:54:11.950" level="INFO">Slept 4 seconds</msg>
<status status="PASS" starttime="20230309 12:54:07.947" endtime="20230309 12:54:11.960"/>
</kw>
<kw name="Input Text" library="SeleniumLibrary">
<arg>${APÓS_VITÓRIA}</arg>
<arg>0.35</arg>
<doc>Types the given ``text`` into the text field identified by ``locator``.</doc>
<msg timestamp="20230309 12:54:11.976" level="INFO">Typing text '0.35' into text field '//*[@id="choose-bot-fieldset"]/div/div[3]/input'.</msg>
<status status="PASS" starttime="20230309 12:54:11.963" endtime="20230309 12:54:12.296"/>
</kw>
<kw name="Sleep" library="BuiltIn">
<arg>4</arg>
<doc>Pauses the test executed for the given time.</doc>
<msg timestamp="20230309 12:54:16.313" level="INFO">Slept 4 seconds</msg>
<status status="PASS" starttime="20230309 12:54:12.297" endtime="20230309 12:54:16.315"/>
</kw>
<kw name="Input Text" library="SeleniumLibrary">
<arg>${STOP_LOSS}</arg>
<arg>50</arg>
<doc>Types the given ``text`` into the text field identified by ``locator``.</doc>
<msg timestamp="20230309 12:54:16.331" level="INFO">Typing text '50' into text field '//*[@id="choose-bot-fieldset"]/div/div[4]/input'.</msg>
<status status="PASS" starttime="20230309 12:54:16.316" endtime="20230309 12:54:16.680"/>
</kw>
<kw name="Sleep" library="BuiltIn">
<arg>4</arg>
<doc>Pauses the test executed for the given time.</doc>
<msg timestamp="20230309 12:54:20.686" level="INFO">Slept 4 seconds</msg>
<status status="PASS" starttime="20230309 12:54:16.681" endtime="20230309 12:54:20.691"/>
</kw>
<kw name="Input Text" library="SeleniumLibrary">
<arg>${LUCRO_ESPERADO}</arg>
<arg>5</arg>
<doc>Types the given ``text`` into the text field identified by ``locator``.</doc>
<msg timestamp="20230309 12:54:20.710" level="INFO">Typing text '5' into text field '//*[@id="choose-bot-fieldset"]/div/div[5]/input'.</msg>
<status status="PASS" starttime="20230309 12:54:20.694" endtime="20230309 12:54:20.946"/>
</kw>
<kw name="Sleep" library="BuiltIn">
<arg>4</arg>
<doc>Pauses the test executed for the given time.</doc>
<msg timestamp="20230309 12:54:24.953" level="INFO">Slept 4 seconds</msg>
<status status="PASS" starttime="20230309 12:54:20.946" endtime="20230309 12:54:24.956"/>
</kw>
<kw name="Input Text" library="SeleniumLibrary">
<arg>${DURAÇÃO}</arg>
<arg>1</arg>
<doc>Types the given ``text`` into the text field identified by ``locator``.</doc>
<msg timestamp="20230309 12:54:24.961" level="INFO">Typing text '1' into text field '//*[@id="choose-bot-fieldset"]/div/div[6]/input'.</msg>
<status status="PASS" starttime="20230309 12:54:24.956" endtime="20230309 12:54:25.166"/>
</kw>
<kw name="Sleep" library="BuiltIn">
<arg>4</arg>
<doc>Pauses the test executed for the given time.</doc>
<msg timestamp="20230309 12:54:29.175" level="INFO">Slept 4 seconds</msg>
<status status="PASS" starttime="20230309 12:54:25.168" endtime="20230309 12:54:29.177"/>
</kw>
<kw name="Click Element" library="SeleniumLibrary">
<arg>${CARREGAR}</arg>
<doc>Click the element identified by ``locator``.</doc>
<msg timestamp="20230309 12:54:29.187" level="INFO">Clicking element '//*[@id="choose-bot-dialog"]/div/div[3]/button[2]'.</msg>
<status status="PASS" starttime="20230309 12:54:29.178" endtime="20230309 12:54:29.352"/>
</kw>
<kw name="Sleep" library="BuiltIn">
<arg>4</arg>
<doc>Pauses the test executed for the given time.</doc>
<msg timestamp="20230309 12:54:33.359" level="INFO">Slept 4 seconds</msg>
<status status="PASS" starttime="20230309 12:54:29.353" endtime="20230309 12:54:33.372"/>
</kw>
<kw name="Click Element" library="SeleniumLibrary">
<arg>${PLAY}</arg>
<doc>Click the element identified by ``locator``.</doc>
<msg timestamp="20230309 12:54:33.386" level="INFO">Clicking element '//*[@id="summaryRunButton"]'.</msg>
<status status="PASS" starttime="20230309 12:54:33.374" endtime="20230309 12:54:33.604"/>
</kw>
<kw name="Click Element" library="SeleniumLibrary">
<arg>${PLAY}</arg>
<doc>Click the element identified by ``locator``.</doc>
<msg timestamp="20230309 12:54:33.607" level="INFO">Clicking element '//*[@id="summaryRunButton"]'.</msg>
<msg timestamp="20230309 12:54:33.775" level="INFO" html="true">&lt;/td&gt;&lt;/tr&gt;&lt;tr&gt;&lt;td colspan="3"&gt;&lt;a href="selenium-screenshot-3.png"&gt;&lt;img src="selenium-screenshot-3.png" width="800px"&gt;&lt;/a&gt;</msg>
<msg timestamp="20230309 12:54:33.776" level="FAIL">ElementNotInteractableException: Message: element not interactable
  (Session info: chrome=110.0.5481.105)
Stacktrace:
Backtrace:
	(No symbol) [0x00716643]
	(No symbol) [0x006ABE21]
	(No symbol) [0x005AD960]
	(No symbol) [0x005E23A7]
	(No symbol) [0x005D6B13]
	(No symbol) [0x005FFD7C]
	(No symbol) [0x005D641F]
	(No symbol) [0x006000D4]
	(No symbol) [0x00616B09]
	(No symbol) [0x005FFB76]
	(No symbol) [0x005D49C1]
	(No symbol) [0x005D5E5D]
	GetHandleVerifier [0x0098A142+2497106]
	GetHandleVerifier [0x009B85D3+2686691]
	GetHandleVerifier [0x009BBB9C+2700460]
	GetHandleVerifier [0x007C3B10+635936]
	(No symbol) [0x006B4A1F]
	(No symbol) [0x006BA418]
	(No symbol) [0x006BA505]
	(No symbol) [0x006C508B]
	BaseThreadInitThunk [0x763300F9+25]
	RtlGetAppContainerNamedObjectPath [0x77967BBE+286]
	RtlGetAppContainerNamedObjectPath [0x77967B8E+238]
</msg>
<status status="FAIL" starttime="20230309 12:54:33.605" endtime="20230309 12:54:33.839"/>
</kw>
<kw name="Click Element" library="SeleniumLibrary">
<arg>${PLAY}</arg>
<doc>Click the element identified by ``locator``.</doc>
<status status="NOT RUN" starttime="20230309 12:54:33.839" endtime="20230309 12:54:33.839"/>
</kw>
<status status="FAIL" starttime="20230309 12:53:44.353" endtime="20230309 12:54:33.840"/>
</kw>
<kw name="Encerrar Testes" library="Keywords" type="TEARDOWN">
<msg timestamp="20230309 12:54:33.842" level="FAIL">User keyword 'Encerrar Testes' contains no keywords.</msg>
<status status="FAIL" starttime="20230309 12:54:33.841" endtime="20230309 12:54:33.842">User keyword 'Encerrar Testes' contains no keywords.</status>
</kw>
<status status="FAIL" starttime="20230309 12:52:48.128" endtime="20230309 12:54:33.843">ElementNotInteractableException: Message: element not interactable
  (Session info: chrome=110.0.5481.105)
Stacktrace:
Backtrace:
	(No symbol) [0x00716643]
	(No symbol) [0x006ABE21]
	(No symbol) [0x005AD960]
	(No symbol) [0x005E23A7]
	(No symbol) [0x005D6B13]
	(No symbol) [0x005FFD7C]
	(No symbol) [0x005D641F]
	(No symbol) [0x006000D4]
	(No symbol) [0x00616B09]
	(No symbol) [0x005FFB76]
	(No symbol) [0x005D49C1]
	(No symbol) [0x005D5E5D]
	GetHandleVerifier [0x0098A142+2497106]
	GetHandleVerifier [0x009B85D3+2686691]
	GetHandleVerifier [0x009BBB9C+2700460]
	GetHandleVerifier [0x007C3B10+635936]
	(No symbol) [0x006B4A1F]
	(No symbol) [0x006BA418]
	(No symbol) [0x006BA505]
	(No symbol) [0x006C508B]
	BaseThreadInitThunk [0x763300F9+25]
	RtlGetAppContainerNamedObjectPath [0x77967BBE+286]
	RtlGetAppContainerNamedObjectPath [0x77967B8E+238]


Also teardown failed:
User keyword 'Encerrar Testes' contains no keywords.</status>
</test>
<doc>Falta ajustar 2 entrada do bot da binary
reteste pra caso de falha
terminar fazendo um relatorio do resultado do bot
mandar por email, e rodar na nuvem.</doc>
<status status="FAIL" starttime="20230309 12:52:39.257" endtime="20230309 12:54:33.861"/>
</suite>
<status status="FAIL" starttime="20230309 12:52:39.248" endtime="20230309 12:54:33.874"/>
</suite>
<status status="FAIL" starttime="20230309 12:52:39.146" endtime="20230309 12:54:33.884"/>
</suite>
<statistics>
<total>
<stat pass="0" fail="1" skip="0">All Tests</stat>
</total>
<tag>
</tag>
<suite>
<stat pass="0" fail="1" skip="0" id="s1" name="Testedepython">Testedepython</stat>
<stat pass="0" fail="1" skip="0" id="s1-s1" name="TestCase">Testedepython.TestCase</stat>
<stat pass="0" fail="1" skip="0" id="s1-s1-s1" name="Estudobinary">Testedepython.TestCase.Estudobinary</stat>
</suite>
</statistics>
<errors>
</errors>
</robot>
